[showcase.refokus.com/index.html]
[backblue.gif]
[fade.gif]
[index.html]
[assets.website-files.com/62fcbf467b1adcb80d4ce04d/css/showcase-websites.05d4f2b87.min.css]
[ajax.googleapis.com/ajax/libs/webfont/1.6.26/webfont.js]
[assets.website-files.com/62fcbf467b1adcb80d4ce04d/62fcbf477b1adc04ae4ce0b6_favicon.png]
[assets.website-files.com/62fcbf467b1adcb80d4ce04d/62fcbf477b1adc56234ce0b7_webclip.png]
[s3-us-west-2.amazonaws.com/s.cdpn.io/1295275/background-noise.png]
[cdnjs.cloudflare.com/ajax/libs/slick-carousel/1.8.1/slick.min.css]
[assets.website-files.com/62fcbf467b1adcb80d4ce04d/63106832ff915b38d52b7d77_Step_4.png]
[assets.website-files.com/62fcbf467b1adcb80d4ce04d/631068327d53a5e86a0f8fdd_Step_2.png]
[assets.website-files.com/62fcbf467b1adcb80d4ce04d/6310683237560b56ee28f1a3_Step_3.png]
[assets.website-files.com/62fcbf467b1adcb80d4ce04d/632db828bc69240413f45915_year-in-review-slider.png]
[assets.website-files.com/62fcbf467b1adcb80d4ce04d/632db828befab09a96a6b596_rainfall-slider.png]
[assets.website-files.com/62fcbf467b1adcb80d4ce04d/632db8287cb35f2982de6b25_summon-slider.png]
[assets.website-files.com/62fcbf467b1adcb80d4ce04d/632db8288b7a88c1a900281e_yahoo-slider.png]
[assets.website-files.com/62fcbf467b1adcb80d4ce04d/632db82883b39024fb3011bb_weglot-slider.png]
[assets.website-files.com/6024cb0edb66de5e830d3665/627e5378d6373f70c7d0f928_yir_cover.png]
[assets.website-files.com/6024cb0edb66de5e830d3665/627e5378fe5cba6bd38b59df_rainfall_cover.png]
[assets.website-files.com/62fcbf467b1adcb80d4ce04d/632da9676b69327ada4e9299_summon_cover.png]
[assets.website-files.com/6024cb0edb66de5e830d3665/627e53784683b1957e96cddd_yahoo_cover.png]
[assets.website-files.com/6024cb0edb66de5e830d3665/627e7d99ff7686d85319c42f_weglot_cover.png]
[d3e54v103j8qbb.cloudfront.net/js/jquery-3.5.1.min.dc5e7f18c87a9d.js]
[assets.website-files.com/62fcbf467b1adcb80d4ce04d/js/showcase-websites.b5a61a308.js]
[snap.licdn.com/li.lms-analytics/insight.min.js]
[showcase.refokus.com/index.html]
[assets.website-files.com/62fcbf467b1adcb80d4ce04d/css/showcase-websites.05d4f2b87.min.css]
[www.googletagmanager.com/gtm5445.html]
[cdnjs.cloudflare.com/ajax/libs/slick-carousel/1.8.1/slick.min.css]
[cdnjs.cloudflare.com/ajax/libs/slick-carousel/1.8.1/slick.min.js]
[snap.licdn.com/li.lms-analytics/insight.min.js]
[showcase.refokus.com/oribili.js]
